<?xml version="1.0" encoding="UTF-8"?>
<!-- Generated by org.testng.reporters.JUnitReportReporter -->
<testsuite skipped="0" hostname="DESKTOP-SEGTRS8" name="qaclickacademy.SeleniumTest" tests="2" failures="0" timestamp="03 Jun 2021 14:38:12 GMT" time="0.015" errors="0">
  <testcase name="BrowserAUtomation" time="0.015" classname="qaclickacademy.SeleniumTest"/>
  <testcase name="elementsUi" time="0.000" classname="qaclickacademy.SeleniumTest"/>
</testsuite> <!-- qaclickacademy.SeleniumTest -->
